2013-03-22 15:06:16,661 [main] DEBUG org.springframework.test.context.junit4.SpringJUnit4ClassRunner - SpringJUnit4ClassRunner constructor called with [class com.imaginea.postgressql.service.EmployeeServiceIntegrationTest].
2013-03-22 15:06:16,743 [main] DEBUG org.springframework.test.context.support.AbstractDelegatingSmartContextLoader - Delegating to GenericXmlContextLoader to process context configuration [ContextConfigurationAttributes@785f8172 declaringClass = 'com.imaginea.postgressql.service.EmployeeServiceIntegrationTest', locations = '{classpath:applicationContext.xml}', classes = '{}', inheritLocations = true, initializers = '{}', inheritInitializers = true, contextLoaderClass = 'org.springframework.test.context.ContextLoader'].
2013-03-22 15:06:16,745 [main] DEBUG org.springframework.test.context.ContextLoaderUtils - Could not find an 'annotation declaring class' for annotation type [org.springframework.test.context.ActiveProfiles] and class [com.imaginea.postgressql.service.EmployeeServiceIntegrationTest]
2013-03-22 15:06:16,751 [main] DEBUG org.springframework.test.context.TestContextManager - @TestExecutionListeners is not present for class [class com.imaginea.postgressql.service.EmployeeServiceIntegrationTest]: using defaults.
2013-03-22 15:06:16,763 [main] DEBUG org.springframework.test.context.TestContextManager - Could not instantiate default TestExecutionListener class [org.springframework.test.context.web.ServletTestExecutionListener]. Specify custom listener classes or make the default listener classes available.
2013-03-22 15:06:17,365 [main] DEBUG org.springframework.test.util.ReflectionTestUtils - Setting field [jdbcTemplate] of type [null] on target [com.imaginea.postgressql.dao.EmployeeDAOImpl$$EnhancerByMockitoWithCGLIB$$ff455d4e@2565a3c2] to value [jdbcTemplate]
2013-03-22 15:06:17,427 [main] DEBUG org.springframework.test.util.ReflectionTestUtils - Setting field [jdbcTemplate] of type [null] on target [com.imaginea.postgressql.dao.EmployeeDAOImpl$$EnhancerByMockitoWithCGLIB$$ff455d4e@125b8827] to value [jdbcTemplate]
2013-03-22 15:06:17,435 [main] DEBUG org.springframework.test.util.ReflectionTestUtils - Setting field [jdbcTemplate] of type [null] on target [com.imaginea.postgressql.dao.EmployeeDAOImpl$$EnhancerByMockitoWithCGLIB$$ff455d4e@56609959] to value [jdbcTemplate]
2013-03-22 15:06:17,436 [main] DEBUG com.imaginea.postgressql.dao.EmployeeDAOImpl - query===================================================SELECT emp_id,firstname, lastname, birth_date, dept_id FROM employee WHERE emp_id=?
2013-03-22 15:06:17,439 [main] DEBUG org.springframework.test.util.ReflectionTestUtils - Setting field [jdbcTemplate] of type [null] on target [com.imaginea.postgressql.dao.EmployeeDAOImpl$$EnhancerByMockitoWithCGLIB$$ff455d4e@16ba5c7a] to value [jdbcTemplate]
2013-03-22 15:06:17,441 [main] DEBUG org.springframework.test.util.ReflectionTestUtils - Setting field [jdbcTemplate] of type [null] on target [com.imaginea.postgressql.dao.EmployeeDAOImpl$$EnhancerByMockitoWithCGLIB$$ff455d4e@7977b9b] to value [jdbcTemplate]
2013-03-22 15:06:17,459 [main] DEBUG org.springframework.test.annotation.ProfileValueUtils - Retrieved @ProfileValueSourceConfiguration [null] for test class [com.imaginea.postgressql.service.EmployeeServiceIntegrationTest]
2013-03-22 15:06:17,462 [main] DEBUG org.springframework.test.annotation.ProfileValueUtils - Retrieved ProfileValueSource type [class org.springframework.test.annotation.SystemProfileValueSource] for class [com.imaginea.postgressql.service.EmployeeServiceIntegrationTest]
2013-03-22 15:06:17,463 [main] DEBUG org.springframework.test.annotation.ProfileValueUtils - Retrieved @ProfileValueSourceConfiguration [null] for test class [com.imaginea.postgressql.service.EmployeeServiceIntegrationTest]
2013-03-22 15:06:17,463 [main] DEBUG org.springframework.test.annotation.ProfileValueUtils - Retrieved ProfileValueSource type [class org.springframework.test.annotation.SystemProfileValueSource] for class [com.imaginea.postgressql.service.EmployeeServiceIntegrationTest]
2013-03-22 15:06:17,464 [main] DEBUG org.springframework.test.annotation.ProfileValueUtils - Retrieved @ProfileValueSourceConfiguration [null] for test class [com.imaginea.postgressql.service.EmployeeServiceIntegrationTest]
2013-03-22 15:06:17,468 [main] DEBUG org.springframework.test.annotation.ProfileValueUtils - Retrieved ProfileValueSource type [class org.springframework.test.annotation.SystemProfileValueSource] for class [com.imaginea.postgressql.service.EmployeeServiceIntegrationTest]
2013-03-22 15:06:17,469 [main] DEBUG org.springframework.test.context.support.DependencyInjectionTestExecutionListener - Performing dependency injection for test context [[TestContext@69267649 testClass = EmployeeServiceIntegrationTest, testInstance = com.imaginea.postgressql.service.EmployeeServiceIntegrationTest@5c1fe88d, testMethod = [null], testException = [null], mergedContextConfiguration = [MergedContextConfiguration@32dcb03b testClass = EmployeeServiceIntegrationTest, locations = '{classpath:applicationContext.xml}', classes = '{}', contextInitializerClasses = '[]', activeProfiles = '{}', contextLoader = 'org.springframework.test.context.support.DelegatingSmartContextLoader']]].
2013-03-22 15:06:17,470 [main] DEBUG org.springframework.test.context.support.AbstractDelegatingSmartContextLoader - Delegating to GenericXmlContextLoader to load context from [MergedContextConfiguration@32dcb03b testClass = EmployeeServiceIntegrationTest, locations = '{classpath:applicationContext.xml}', classes = '{}', contextInitializerClasses = '[]', activeProfiles = '{}', contextLoader = 'org.springframework.test.context.support.DelegatingSmartContextLoader'].
2013-03-22 15:06:17,470 [main] DEBUG org.springframework.test.context.support.AbstractGenericContextLoader - Loading ApplicationContext for merged context configuration [[MergedContextConfiguration@32dcb03b testClass = EmployeeServiceIntegrationTest, locations = '{classpath:applicationContext.xml}', classes = '{}', contextInitializerClasses = '[]', activeProfiles = '{}', contextLoader = 'org.springframework.test.context.support.DelegatingSmartContextLoader']].
2013-03-22 15:06:17,603 [main] DEBUG org.springframework.core.env.StandardEnvironment - Initializing new StandardEnvironment
2013-03-22 15:06:17,607 [main] DEBUG org.springframework.core.env.StandardEnvironment - Adding [systemProperties] PropertySource with lowest search precedence
2013-03-22 15:06:17,609 [main] DEBUG org.springframework.core.env.StandardEnvironment - Adding [systemEnvironment] PropertySource with lowest search precedence
2013-03-22 15:06:17,609 [main] DEBUG org.springframework.core.env.StandardEnvironment - Initialized StandardEnvironment with PropertySources [systemProperties,systemEnvironment]
2013-03-22 15:06:17,623 [main] DEBUG org.springframework.core.env.StandardEnvironment - Initializing new StandardEnvironment
2013-03-22 15:06:17,623 [main] DEBUG org.springframework.core.env.StandardEnvironment - Adding [systemProperties] PropertySource with lowest search precedence
2013-03-22 15:06:17,624 [main] DEBUG org.springframework.core.env.StandardEnvironment - Adding [systemEnvironment] PropertySource with lowest search precedence
2013-03-22 15:06:17,624 [main] DEBUG org.springframework.core.env.StandardEnvironment - Initialized StandardEnvironment with PropertySources [systemProperties,systemEnvironment]
2013-03-22 15:06:17,637 [main] INFO  org.springframework.beans.factory.xml.XmlBeanDefinitionReader - Loading XML bean definitions from class path resource [applicationContext.xml]
2013-03-22 15:06:17,666 [main] DEBUG org.springframework.beans.factory.xml.DefaultDocumentLoader - Using JAXP provider [com.sun.org.apache.xerces.internal.jaxp.DocumentBuilderFactoryImpl]
2013-03-22 15:06:17,710 [main] DEBUG org.springframework.beans.factory.xml.PluggableSchemaResolver - Loading schema mappings from [META-INF/spring.schemas]
2013-03-22 15:06:17,732 [main] DEBUG org.springframework.beans.factory.xml.PluggableSchemaResolver - Loaded schema mappings: {http://www.springframework.org/schema/util/spring-util.xsd=org/springframework/beans/factory/xml/spring-util-3.2.xsd, http://www.springframework.org/schema/jee/spring-jee-3.2.xsd=org/springframework/ejb/config/spring-jee-3.2.xsd, http://www.springframework.org/schema/beans/spring-beans-3.1.xsd=org/springframework/beans/factory/xml/spring-beans-3.1.xsd, http://www.springframework.org/schema/task/spring-task.xsd=org/springframework/scheduling/config/spring-task-3.2.xsd, http://www.springframework.org/schema/cache/spring-cache.xsd=org/springframework/cache/config/spring-cache-3.2.xsd, http://www.springframework.org/schema/aop/spring-aop-3.0.xsd=org/springframework/aop/config/spring-aop-3.0.xsd, http://www.springframework.org/schema/aop/spring-aop-2.0.xsd=org/springframework/aop/config/spring-aop-2.0.xsd, http://www.springframework.org/schema/task/spring-task-3.1.xsd=org/springframework/scheduling/config/spring-task-3.1.xsd, http://www.springframework.org/schema/tool/spring-tool-2.5.xsd=org/springframework/beans/factory/xml/spring-tool-2.5.xsd, http://www.springframework.org/schema/beans/spring-beans.xsd=org/springframework/beans/factory/xml/spring-beans-3.2.xsd, http://www.springframework.org/schema/jee/spring-jee-2.5.xsd=org/springframework/ejb/config/spring-jee-2.5.xsd, http://www.springframework.org/schema/jdbc/spring-jdbc-3.1.xsd=org/springframework/jdbc/config/spring-jdbc-3.1.xsd, http://www.springframework.org/schema/tool/spring-tool-3.1.xsd=org/springframework/beans/factory/xml/spring-tool-3.1.xsd, http://www.springframework.org/schema/aop/spring-aop.xsd=org/springframework/aop/config/spring-aop-3.2.xsd, http://www.springframework.org/schema/jee/spring-jee-3.1.xsd=org/springframework/ejb/config/spring-jee-3.1.xsd, http://www.springframework.org/schema/tx/spring-tx-3.2.xsd=org/springframework/transaction/config/spring-tx-3.2.xsd, http://www.springframework.org/schema/context/spring-context-3.2.xsd=org/springframework/context/config/spring-context-3.2.xsd, http://www.springframework.org/schema/util/spring-util-3.2.xsd=org/springframework/beans/factory/xml/spring-util-3.2.xsd, http://www.springframework.org/schema/beans/spring-beans-2.0.xsd=org/springframework/beans/factory/xml/spring-beans-2.0.xsd, http://www.springframework.org/schema/lang/spring-lang-3.2.xsd=org/springframework/scripting/config/spring-lang-3.2.xsd, http://www.springframework.org/schema/beans/spring-beans-3.0.xsd=org/springframework/beans/factory/xml/spring-beans-3.0.xsd, http://www.springframework.org/schema/cache/spring-cache-3.2.xsd=org/springframework/cache/config/spring-cache-3.2.xsd, http://www.springframework.org/schema/task/spring-task-3.0.xsd=org/springframework/scheduling/config/spring-task-3.0.xsd, http://www.springframework.org/schema/tx/spring-tx-2.5.xsd=org/springframework/transaction/config/spring-tx-2.5.xsd, http://www.springframework.org/schema/context/spring-context-2.5.xsd=org/springframework/context/config/spring-context-2.5.xsd, http://www.springframework.org/schema/jdbc/spring-jdbc-3.0.xsd=org/springframework/jdbc/config/spring-jdbc-3.0.xsd, http://www.springframework.org/schema/tool/spring-tool-3.0.xsd=org/springframework/beans/factory/xml/spring-tool-3.0.xsd, http://www.springframework.org/schema/tx/spring-tx.xsd=org/springframework/transaction/config/spring-tx-3.2.xsd, http://www.springframework.org/schema/util/spring-util-2.5.xsd=org/springframework/beans/factory/xml/spring-util-2.5.xsd, http://www.springframework.org/schema/tool/spring-tool-2.0.xsd=org/springframework/beans/factory/xml/spring-tool-2.0.xsd, http://www.springframework.org/schema/lang/spring-lang.xsd=org/springframework/scripting/config/spring-lang-3.2.xsd, http://www.springframework.org/schema/lang/spring-lang-2.5.xsd=org/springframework/scripting/config/spring-lang-2.5.xsd, http://www.springframework.org/schema/aop/spring-aop-3.2.xsd=org/springframework/aop/config/spring-aop-3.2.xsd, http://www.springframework.org/schema/jee/spring-jee-3.0.xsd=org/springframework/ejb/config/spring-jee-3.0.xsd, http://www.springframework.org/schema/tx/spring-tx-3.1.xsd=org/springframework/transaction/config/spring-tx-3.1.xsd, http://www.springframework.org/schema/jee/spring-jee-2.0.xsd=org/springframework/ejb/config/spring-jee-2.0.xsd, http://www.springframework.org/schema/context/spring-context-3.1.xsd=org/springframework/context/config/spring-context-3.1.xsd, http://www.springframework.org/schema/util/spring-util-3.1.xsd=org/springframework/beans/factory/xml/spring-util-3.1.xsd, http://www.springframework.org/schema/lang/spring-lang-3.1.xsd=org/springframework/scripting/config/spring-lang-3.1.xsd, http://www.springframework.org/schema/cache/spring-cache-3.1.xsd=org/springframework/cache/config/spring-cache-3.1.xsd, http://www.springframework.org/schema/context/spring-context.xsd=org/springframework/context/config/spring-context-3.2.xsd, http://www.springframework.org/schema/jee/spring-jee.xsd=org/springframework/ejb/config/spring-jee-3.2.xsd, http://www.springframework.org/schema/aop/spring-aop-2.5.xsd=org/springframework/aop/config/spring-aop-2.5.xsd, http://www.springframework.org/schema/jdbc/spring-jdbc.xsd=org/springframework/jdbc/config/spring-jdbc-3.2.xsd, http://www.springframework.org/schema/beans/spring-beans-3.2.xsd=org/springframework/beans/factory/xml/spring-beans-3.2.xsd, http://www.springframework.org/schema/tx/spring-tx-2.0.xsd=org/springframework/transaction/config/spring-tx-2.0.xsd, http://www.springframework.org/schema/aop/spring-aop-3.1.xsd=org/springframework/aop/config/spring-aop-3.1.xsd, http://www.springframework.org/schema/task/spring-task-3.2.xsd=org/springframework/scheduling/config/spring-task-3.2.xsd, http://www.springframework.org/schema/tx/spring-tx-3.0.xsd=org/springframework/transaction/config/spring-tx-3.0.xsd, http://www.springframework.org/schema/context/spring-context-3.0.xsd=org/springframework/context/config/spring-context-3.0.xsd, http://www.springframework.org/schema/tool/spring-tool.xsd=org/springframework/beans/factory/xml/spring-tool-3.2.xsd, http://www.springframework.org/schema/util/spring-util-3.0.xsd=org/springframework/beans/factory/xml/spring-util-3.0.xsd, http://www.springframework.org/schema/util/spring-util-2.0.xsd=org/springframework/beans/factory/xml/spring-util-2.0.xsd, http://www.springframework.org/schema/lang/spring-lang-3.0.xsd=org/springframework/scripting/config/spring-lang-3.0.xsd, http://www.springframework.org/schema/lang/spring-lang-2.0.xsd=org/springframework/scripting/config/spring-lang-2.0.xsd, http://www.springframework.org/schema/jdbc/spring-jdbc-3.2.xsd=org/springframework/jdbc/config/spring-jdbc-3.2.xsd, http://www.springframework.org/schema/tool/spring-tool-3.2.xsd=org/springframework/beans/factory/xml/spring-tool-3.2.xsd, http://www.springframework.org/schema/beans/spring-beans-2.5.xsd=org/springframework/beans/factory/xml/spring-beans-2.5.xsd}
2013-03-22 15:06:17,738 [main] DEBUG org.springframework.beans.factory.xml.PluggableSchemaResolver - Found XML schema [http://www.springframework.org/schema/beans/spring-beans-3.0.xsd] in classpath: org/springframework/beans/factory/xml/spring-beans-3.0.xsd
2013-03-22 15:06:17,922 [main] DEBUG org.springframework.beans.factory.xml.PluggableSchemaResolver - Found XML schema [http://www.springframework.org/schema/context/spring-context-3.0.xsd] in classpath: org/springframework/context/config/spring-context-3.0.xsd
2013-03-22 15:06:17,941 [main] DEBUG org.springframework.beans.factory.xml.PluggableSchemaResolver - Found XML schema [http://www.springframework.org/schema/tool/spring-tool-3.0.xsd] in classpath: org/springframework/beans/factory/xml/spring-tool-3.0.xsd
2013-03-22 15:06:17,960 [main] DEBUG org.springframework.beans.factory.xml.PluggableSchemaResolver - Found XML schema [http://www.springframework.org/schema/tx/spring-tx-3.0.xsd] in classpath: org/springframework/transaction/config/spring-tx-3.0.xsd
2013-03-22 15:06:17,981 [main] DEBUG org.springframework.beans.factory.xml.DefaultBeanDefinitionDocumentReader - Loading bean definitions
2013-03-22 15:06:18,031 [main] DEBUG org.springframework.beans.factory.xml.DefaultNamespaceHandlerResolver - Loaded NamespaceHandler mappings: {http://www.springframework.org/schema/p=org.springframework.beans.factory.xml.SimplePropertyNamespaceHandler, http://www.springframework.org/schema/util=org.springframework.beans.factory.xml.UtilNamespaceHandler, http://www.springframework.org/schema/jee=org.springframework.ejb.config.JeeNamespaceHandler, http://www.springframework.org/schema/aop=org.springframework.aop.config.AopNamespaceHandler, http://www.springframework.org/schema/jdbc=org.springframework.jdbc.config.JdbcNamespaceHandler, http://www.springframework.org/schema/cache=org.springframework.cache.config.CacheNamespaceHandler, http://www.springframework.org/schema/c=org.springframework.beans.factory.xml.SimpleConstructorNamespaceHandler, http://www.springframework.org/schema/tx=org.springframework.transaction.config.TxNamespaceHandler, http://www.springframework.org/schema/task=org.springframework.scheduling.config.TaskNamespaceHandler, http://www.springframework.org/schema/lang=org.springframework.scripting.config.LangNamespaceHandler, http://www.springframework.org/schema/context=org.springframework.context.config.ContextNamespaceHandler}
2013-03-22 15:06:18,073 [main] DEBUG org.springframework.beans.factory.xml.XmlBeanDefinitionReader - Loaded 11 bean definitions from location pattern [classpath:applicationContext.xml]
2013-03-22 15:06:18,101 [main] INFO  org.springframework.context.support.GenericApplicationContext - Refreshing org.springframework.context.support.GenericApplicationContext@207f5580: startup date [Fri Mar 22 15:06:18 IST 2013]; root of context hierarchy
2013-03-22 15:06:18,101 [main] DEBUG org.springframework.context.support.GenericApplicationContext - Bean factory for org.springframework.context.support.GenericApplicationContext@207f5580: org.springframework.beans.factory.support.DefaultListableBeanFactory@6f7918f0: defining beans [dataSource,jdbcTemplate,abstractJdbcDaoSupport,employeeService,employeeDAO,org.springframework.beans.factory.config.PropertyPlaceholderConfigurer#0,org.springframework.aop.config.internalAutoProxyCreator,org.springframework.transaction.annotation.AnnotationTransactionAttributeSource#0,org.springframework.transaction.interceptor.TransactionInterceptor#0,org.springframework.transaction.config.internalTransactionAdvisor,transactionManager,org.springframework.context.annotation.internalConfigurationAnnotationProcessor,org.springframework.context.annotation.internalAutowiredAnnotationProcessor,org.springframework.context.annotation.internalRequiredAnnotationProcessor,org.springframework.context.annotation.internalCommonAnnotationProcessor]; root of factory hierarchy
2013-03-22 15:06:18,133 [main] DEBUG org.springframework.beans.factory.support.DefaultListableBeanFactory - Creating shared instance of singleton bean 'org.springframework.context.annotation.internalConfigurationAnnotationProcessor'
2013-03-22 15:06:18,134 [main] DEBUG org.springframework.beans.factory.support.DefaultListableBeanFactory - Creating instance of bean 'org.springframework.context.annotation.internalConfigurationAnnotationProcessor'
2013-03-22 15:06:18,162 [main] DEBUG org.springframework.beans.factory.support.DefaultListableBeanFactory - Eagerly caching bean 'org.springframework.context.annotation.internalConfigurationAnnotationProcessor' to allow for resolving potential circular references
2013-03-22 15:06:18,173 [main] DEBUG org.springframework.beans.factory.support.DefaultListableBeanFactory - Finished creating instance of bean 'org.springframework.context.annotation.internalConfigurationAnnotationProcessor'
2013-03-22 15:06:18,282 [main] DEBUG org.springframework.beans.factory.support.DefaultListableBeanFactory - Creating shared instance of singleton bean 'org.springframework.beans.factory.config.PropertyPlaceholderConfigurer#0'
2013-03-22 15:06:18,300 [main] DEBUG org.springframework.beans.factory.support.DefaultListableBeanFactory - Creating instance of bean 'org.springframework.beans.factory.config.PropertyPlaceholderConfigurer#0'
2013-03-22 15:06:18,302 [main] DEBUG org.springframework.beans.factory.support.DefaultListableBeanFactory - Eagerly caching bean 'org.springframework.beans.factory.config.PropertyPlaceholderConfigurer#0' to allow for resolving potential circular references
2013-03-22 15:06:18,379 [main] DEBUG org.springframework.beans.factory.support.DefaultListableBeanFactory - Finished creating instance of bean 'org.springframework.beans.factory.config.PropertyPlaceholderConfigurer#0'
2013-03-22 15:06:18,380 [main] INFO  org.springframework.beans.factory.config.PropertyPlaceholderConfigurer - Loading properties file from class path resource [jdbc.properties]
2013-03-22 15:06:18,389 [main] DEBUG org.springframework.beans.factory.support.DefaultListableBeanFactory - Creating shared instance of singleton bean 'org.springframework.context.annotation.internalAutowiredAnnotationProcessor'
2013-03-22 15:06:18,390 [main] DEBUG org.springframework.beans.factory.support.DefaultListableBeanFactory - Creating instance of bean 'org.springframework.context.annotation.internalAutowiredAnnotationProcessor'
2013-03-22 15:06:18,390 [main] DEBUG org.springframework.beans.factory.support.DefaultListableBeanFactory - Eagerly caching bean 'org.springframework.context.annotation.internalAutowiredAnnotationProcessor' to allow for resolving potential circular references
2013-03-22 15:06:18,392 [main] DEBUG org.springframework.beans.factory.support.DefaultListableBeanFactory - Finished creating instance of bean 'org.springframework.context.annotation.internalAutowiredAnnotationProcessor'
2013-03-22 15:06:18,392 [main] DEBUG org.springframework.beans.factory.support.DefaultListableBeanFactory - Creating shared instance of singleton bean 'org.springframework.context.annotation.internalRequiredAnnotationProcessor'
2013-03-22 15:06:18,392 [main] DEBUG org.springframework.beans.factory.support.DefaultListableBeanFactory - Creating instance of bean 'org.springframework.context.annotation.internalRequiredAnnotationProcessor'
2013-03-22 15:06:18,393 [main] DEBUG org.springframework.beans.factory.support.DefaultListableBeanFactory - Eagerly caching bean 'org.springframework.context.annotation.internalRequiredAnnotationProcessor' to allow for resolving potential circular references
2013-03-22 15:06:18,393 [main] DEBUG org.springframework.beans.factory.support.DefaultListableBeanFactory - Finished creating instance of bean 'org.springframework.context.annotation.internalRequiredAnnotationProcessor'
2013-03-22 15:06:18,394 [main] DEBUG org.springframework.beans.factory.support.DefaultListableBeanFactory - Creating shared instance of singleton bean 'org.springframework.context.annotation.internalCommonAnnotationProcessor'
2013-03-22 15:06:18,394 [main] DEBUG org.springframework.beans.factory.support.DefaultListableBeanFactory - Creating instance of bean 'org.springframework.context.annotation.internalCommonAnnotationProcessor'
2013-03-22 15:06:18,401 [main] DEBUG org.springframework.beans.factory.support.DefaultListableBeanFactory - Eagerly caching bean 'org.springframework.context.annotation.internalCommonAnnotationProcessor' to allow for resolving potential circular references
2013-03-22 15:06:18,401 [main] DEBUG org.springframework.beans.factory.support.DefaultListableBeanFactory - Finished creating instance of bean 'org.springframework.context.annotation.internalCommonAnnotationProcessor'
2013-03-22 15:06:18,401 [main] DEBUG org.springframework.beans.factory.support.DefaultListableBeanFactory - Creating shared instance of singleton bean 'org.springframework.context.annotation.ConfigurationClassPostProcessor.importAwareProcessor'
2013-03-22 15:06:18,401 [main] DEBUG org.springframework.beans.factory.support.DefaultListableBeanFactory - Creating instance of bean 'org.springframework.context.annotation.ConfigurationClassPostProcessor.importAwareProcessor'
2013-03-22 15:06:18,402 [main] DEBUG org.springframework.beans.factory.support.DefaultListableBeanFactory - Eagerly caching bean 'org.springframework.context.annotation.ConfigurationClassPostProcessor.importAwareProcessor' to allow for resolving potential circular references
2013-03-22 15:06:18,402 [main] DEBUG org.springframework.beans.factory.support.DefaultListableBeanFactory - Finished creating instance of bean 'org.springframework.context.annotation.ConfigurationClassPostProcessor.importAwareProcessor'
2013-03-22 15:06:18,402 [main] DEBUG org.springframework.beans.factory.support.DefaultListableBeanFactory - Creating shared instance of singleton bean 'org.springframework.aop.config.internalAutoProxyCreator'
2013-03-22 15:06:18,402 [main] DEBUG org.springframework.beans.factory.support.DefaultListableBeanFactory - Creating instance of bean 'org.springframework.aop.config.internalAutoProxyCreator'
2013-03-22 15:06:18,417 [main] DEBUG org.springframework.beans.factory.support.DefaultListableBeanFactory - Eagerly caching bean 'org.springframework.aop.config.internalAutoProxyCreator' to allow for resolving potential circular references
2013-03-22 15:06:18,451 [main] DEBUG org.springframework.beans.factory.support.DefaultListableBeanFactory - Finished creating instance of bean 'org.springframework.aop.config.internalAutoProxyCreator'
2013-03-22 15:06:18,454 [main] DEBUG org.springframework.context.support.GenericApplicationContext - Unable to locate MessageSource with name 'messageSource': using default [org.springframework.context.support.DelegatingMessageSource@19de0b5e]
2013-03-22 15:06:18,457 [main] DEBUG org.springframework.context.support.GenericApplicationContext - Unable to locate ApplicationEventMulticaster with name 'applicationEventMulticaster': using default [org.springframework.context.event.SimpleApplicationEventMulticaster@5d04e28b]
2013-03-22 15:06:18,479 [main] INFO  org.springframework.beans.factory.support.DefaultListableBeanFactory - Pre-instantiating singletons in org.springframework.beans.factory.support.DefaultListableBeanFactory@6f7918f0: defining beans [dataSource,jdbcTemplate,abstractJdbcDaoSupport,employeeService,employeeDAO,org.springframework.beans.factory.config.PropertyPlaceholderConfigurer#0,org.springframework.aop.config.internalAutoProxyCreator,org.springframework.transaction.annotation.AnnotationTransactionAttributeSource#0,org.springframework.transaction.interceptor.TransactionInterceptor#0,org.springframework.transaction.config.internalTransactionAdvisor,transactionManager,org.springframework.context.annotation.internalConfigurationAnnotationProcessor,org.springframework.context.annotation.internalAutowiredAnnotationProcessor,org.springframework.context.annotation.internalRequiredAnnotationProcessor,org.springframework.context.annotation.internalCommonAnnotationProcessor,org.springframework.context.annotation.ConfigurationClassPostProcessor.importAwareProcessor]; root of factory hierarchy
2013-03-22 15:06:18,484 [main] DEBUG org.springframework.beans.factory.support.DefaultListableBeanFactory - Creating shared instance of singleton bean 'dataSource'
2013-03-22 15:06:18,484 [main] DEBUG org.springframework.beans.factory.support.DefaultListableBeanFactory - Creating instance of bean 'dataSource'
2013-03-22 15:06:18,516 [main] INFO  com.mchange.v2.log.MLog - MLog clients using log4j logging.
2013-03-22 15:06:18,597 [main] INFO  com.mchange.v2.c3p0.C3P0Registry - Initializing c3p0-0.9.1.2 [built 21-May-2007 15:04:56; debug? true; trace: 10]
2013-03-22 15:06:18,659 [main] DEBUG org.springframework.beans.factory.support.DefaultListableBeanFactory - Eagerly caching bean 'dataSource' to allow for resolving potential circular references
2013-03-22 15:06:18,685 [main] DEBUG org.springframework.core.env.StandardEnvironment - Initializing new StandardEnvironment
2013-03-22 15:06:18,690 [main] DEBUG org.springframework.core.env.StandardEnvironment - Adding [systemProperties] PropertySource with lowest search precedence
2013-03-22 15:06:18,691 [main] DEBUG org.springframework.core.env.StandardEnvironment - Adding [systemEnvironment] PropertySource with lowest search precedence
2013-03-22 15:06:18,691 [main] DEBUG org.springframework.core.env.StandardEnvironment - Initialized StandardEnvironment with PropertySources [systemProperties,systemEnvironment]
2013-03-22 15:06:18,691 [main] DEBUG org.springframework.core.env.StandardEnvironment - Initializing new StandardEnvironment
2013-03-22 15:06:18,692 [main] DEBUG org.springframework.core.env.StandardEnvironment - Adding [systemProperties] PropertySource with lowest search precedence
2013-03-22 15:06:18,692 [main] DEBUG org.springframework.core.env.StandardEnvironment - Adding [systemEnvironment] PropertySource with lowest search precedence
2013-03-22 15:06:18,692 [main] DEBUG org.springframework.core.env.StandardEnvironment - Initialized StandardEnvironment with PropertySources [systemProperties,systemEnvironment]
2013-03-22 15:06:18,692 [main] DEBUG org.springframework.core.env.StandardEnvironment - Initializing new StandardEnvironment
2013-03-22 15:06:18,693 [main] DEBUG org.springframework.core.env.StandardEnvironment - Adding [systemProperties] PropertySource with lowest search precedence
2013-03-22 15:06:18,693 [main] DEBUG org.springframework.core.env.StandardEnvironment - Adding [systemEnvironment] PropertySource with lowest search precedence
2013-03-22 15:06:18,693 [main] DEBUG org.springframework.core.env.StandardEnvironment - Initialized StandardEnvironment with PropertySources [systemProperties,systemEnvironment]
2013-03-22 15:06:18,695 [main] DEBUG org.springframework.core.env.StandardEnvironment - Initializing new StandardEnvironment
2013-03-22 15:06:18,696 [main] DEBUG org.springframework.core.env.StandardEnvironment - Adding [systemProperties] PropertySource with lowest search precedence
2013-03-22 15:06:18,696 [main] DEBUG org.springframework.core.env.StandardEnvironment - Adding [systemEnvironment] PropertySource with lowest search precedence
2013-03-22 15:06:18,696 [main] DEBUG org.springframework.core.env.StandardEnvironment - Initialized StandardEnvironment with PropertySources [systemProperties,systemEnvironment]
2013-03-22 15:06:18,697 [main] DEBUG org.springframework.core.env.StandardEnvironment - Initializing new StandardEnvironment
2013-03-22 15:06:18,697 [main] DEBUG org.springframework.core.env.StandardEnvironment - Adding [systemProperties] PropertySource with lowest search precedence
2013-03-22 15:06:18,697 [main] DEBUG org.springframework.core.env.StandardEnvironment - Adding [systemEnvironment] PropertySource with lowest search precedence
2013-03-22 15:06:18,698 [main] DEBUG org.springframework.core.env.StandardEnvironment - Initialized StandardEnvironment with PropertySources [systemProperties,systemEnvironment]
2013-03-22 15:06:18,706 [main] DEBUG org.springframework.beans.factory.support.DefaultListableBeanFactory - Creating shared instance of singleton bean 'org.springframework.transaction.config.internalTransactionAdvisor'
2013-03-22 15:06:18,706 [main] DEBUG org.springframework.beans.factory.support.DefaultListableBeanFactory - Creating instance of bean 'org.springframework.transaction.config.internalTransactionAdvisor'
2013-03-22 15:06:18,708 [main] DEBUG org.springframework.beans.factory.support.DefaultListableBeanFactory - Eagerly caching bean 'org.springframework.transaction.config.internalTransactionAdvisor' to allow for resolving potential circular references
2013-03-22 15:06:18,711 [main] DEBUG org.springframework.beans.factory.support.DefaultListableBeanFactory - Creating shared instance of singleton bean 'org.springframework.transaction.annotation.AnnotationTransactionAttributeSource#0'
2013-03-22 15:06:18,712 [main] DEBUG org.springframework.beans.factory.support.DefaultListableBeanFactory - Creating instance of bean 'org.springframework.transaction.annotation.AnnotationTransactionAttributeSource#0'
2013-03-22 15:06:18,712 [main] DEBUG org.springframework.beans.factory.support.DefaultListableBeanFactory - Eagerly caching bean 'org.springframework.transaction.annotation.AnnotationTransactionAttributeSource#0' to allow for resolving potential circular references
2013-03-22 15:06:18,727 [main] DEBUG org.springframework.beans.factory.support.DefaultListableBeanFactory - Finished creating instance of bean 'org.springframework.transaction.annotation.AnnotationTransactionAttributeSource#0'
2013-03-22 15:06:18,727 [main] DEBUG org.springframework.beans.factory.support.DefaultListableBeanFactory - Finished creating instance of bean 'org.springframework.transaction.config.internalTransactionAdvisor'
2013-03-22 15:06:18,737 [main] DEBUG org.springframework.beans.factory.support.DefaultListableBeanFactory - Finished creating instance of bean 'dataSource'
2013-03-22 15:06:18,737 [main] DEBUG org.springframework.beans.factory.support.DefaultListableBeanFactory - Creating shared instance of singleton bean 'jdbcTemplate'
2013-03-22 15:06:18,737 [main] DEBUG org.springframework.beans.factory.support.DefaultListableBeanFactory - Creating instance of bean 'jdbcTemplate'
2013-03-22 15:06:18,739 [main] DEBUG org.springframework.beans.factory.support.DefaultListableBeanFactory - Eagerly caching bean 'jdbcTemplate' to allow for resolving potential circular references
2013-03-22 15:06:18,756 [main] DEBUG org.springframework.beans.factory.support.DefaultListableBeanFactory - Returning cached instance of singleton bean 'dataSource'
2013-03-22 15:06:18,757 [main] DEBUG org.springframework.beans.factory.support.DefaultListableBeanFactory - Invoking afterPropertiesSet() on bean with name 'jdbcTemplate'
2013-03-22 15:06:18,757 [main] DEBUG org.springframework.beans.factory.support.DefaultListableBeanFactory - Returning cached instance of singleton bean 'org.springframework.transaction.config.internalTransactionAdvisor'
2013-03-22 15:06:18,761 [main] DEBUG org.springframework.beans.factory.support.DefaultListableBeanFactory - Finished creating instance of bean 'jdbcTemplate'
2013-03-22 15:06:18,762 [main] DEBUG org.springframework.beans.factory.support.DefaultListableBeanFactory - Creating shared instance of singleton bean 'employeeService'
2013-03-22 15:06:18,762 [main] DEBUG org.springframework.beans.factory.support.DefaultListableBeanFactory - Creating instance of bean 'employeeService'
2013-03-22 15:06:18,765 [main] DEBUG org.springframework.beans.factory.support.DefaultListableBeanFactory - Creating shared instance of singleton bean 'employeeDAO'
2013-03-22 15:06:18,765 [main] DEBUG org.springframework.beans.factory.support.DefaultListableBeanFactory - Creating instance of bean 'employeeDAO'
2013-03-22 15:06:18,766 [main] DEBUG org.springframework.beans.factory.support.DefaultListableBeanFactory - Eagerly caching bean 'employeeDAO' to allow for resolving potential circular references
2013-03-22 15:06:18,769 [main] DEBUG org.springframework.beans.factory.support.DefaultListableBeanFactory - Returning cached instance of singleton bean 'jdbcTemplate'
2013-03-22 15:06:18,770 [main] DEBUG org.springframework.beans.factory.support.DefaultListableBeanFactory - Invoking afterPropertiesSet() on bean with name 'employeeDAO'
2013-03-22 15:06:18,770 [main] DEBUG org.springframework.beans.factory.support.DefaultListableBeanFactory - Returning cached instance of singleton bean 'org.springframework.transaction.config.internalTransactionAdvisor'
2013-03-22 15:06:18,771 [main] DEBUG org.springframework.beans.factory.support.DefaultListableBeanFactory - Finished creating instance of bean 'employeeDAO'
2013-03-22 15:06:18,774 [main] DEBUG org.springframework.beans.factory.support.DefaultListableBeanFactory - Eagerly caching bean 'employeeService' to allow for resolving potential circular references
2013-03-22 15:06:18,776 [main] DEBUG org.springframework.beans.factory.support.DefaultListableBeanFactory - Returning cached instance of singleton bean 'org.springframework.transaction.config.internalTransactionAdvisor'
2013-03-22 15:06:18,779 [main] DEBUG org.springframework.transaction.annotation.AnnotationTransactionAttributeSource - Adding transactional method 'get' with attribute: PROPAGATION_REQUIRED,ISOLATION_DEFAULT,readOnly; ''
2013-03-22 15:06:18,798 [main] DEBUG org.springframework.aop.framework.autoproxy.InfrastructureAdvisorAutoProxyCreator - Creating implicit proxy for bean 'employeeService' with 0 common interceptors and 1 specific interceptors
2013-03-22 15:06:18,802 [main] DEBUG org.springframework.aop.framework.JdkDynamicAopProxy - Creating JDK dynamic proxy: target source is SingletonTargetSource for target object [com.imaginea.postgressql.service.EmployeeServiceImpl@66da9ea4]
2013-03-22 15:06:18,820 [main] DEBUG org.springframework.beans.factory.support.DefaultListableBeanFactory - Finished creating instance of bean 'employeeService'
2013-03-22 15:06:18,821 [main] DEBUG org.springframework.beans.factory.support.DefaultListableBeanFactory - Returning cached instance of singleton bean 'employeeDAO'
2013-03-22 15:06:18,821 [main] DEBUG org.springframework.beans.factory.support.DefaultListableBeanFactory - Returning cached instance of singleton bean 'org.springframework.beans.factory.config.PropertyPlaceholderConfigurer#0'
2013-03-22 15:06:18,821 [main] DEBUG org.springframework.beans.factory.support.DefaultListableBeanFactory - Returning cached instance of singleton bean 'org.springframework.aop.config.internalAutoProxyCreator'
2013-03-22 15:06:18,821 [main] DEBUG org.springframework.beans.factory.support.DefaultListableBeanFactory - Returning cached instance of singleton bean 'org.springframework.transaction.annotation.AnnotationTransactionAttributeSource#0'
2013-03-22 15:06:18,821 [main] DEBUG org.springframework.beans.factory.support.DefaultListableBeanFactory - Creating shared instance of singleton bean 'org.springframework.transaction.interceptor.TransactionInterceptor#0'
2013-03-22 15:06:18,821 [main] DEBUG org.springframework.beans.factory.support.DefaultListableBeanFactory - Creating instance of bean 'org.springframework.transaction.interceptor.TransactionInterceptor#0'
2013-03-22 15:06:18,829 [main] DEBUG org.springframework.beans.factory.support.DefaultListableBeanFactory - Eagerly caching bean 'org.springframework.transaction.interceptor.TransactionInterceptor#0' to allow for resolving potential circular references
2013-03-22 15:06:18,858 [main] DEBUG org.springframework.beans.factory.support.DefaultListableBeanFactory - Returning cached instance of singleton bean 'org.springframework.transaction.annotation.AnnotationTransactionAttributeSource#0'
2013-03-22 15:06:18,867 [main] DEBUG org.springframework.beans.factory.support.DefaultListableBeanFactory - Invoking afterPropertiesSet() on bean with name 'org.springframework.transaction.interceptor.TransactionInterceptor#0'
2013-03-22 15:06:18,868 [main] DEBUG org.springframework.beans.factory.support.DefaultListableBeanFactory - Finished creating instance of bean 'org.springframework.transaction.interceptor.TransactionInterceptor#0'
2013-03-22 15:06:18,868 [main] DEBUG org.springframework.beans.factory.support.DefaultListableBeanFactory - Returning cached instance of singleton bean 'org.springframework.transaction.config.internalTransactionAdvisor'
2013-03-22 15:06:18,868 [main] DEBUG org.springframework.beans.factory.support.DefaultListableBeanFactory - Creating shared instance of singleton bean 'transactionManager'
2013-03-22 15:06:18,868 [main] DEBUG org.springframework.beans.factory.support.DefaultListableBeanFactory - Creating instance of bean 'transactionManager'
2013-03-22 15:06:18,884 [main] DEBUG org.springframework.beans.factory.support.DefaultListableBeanFactory - Eagerly caching bean 'transactionManager' to allow for resolving potential circular references
2013-03-22 15:06:18,891 [main] DEBUG org.springframework.beans.factory.support.DefaultListableBeanFactory - Returning cached instance of singleton bean 'dataSource'
2013-03-22 15:06:18,895 [main] DEBUG org.springframework.beans.factory.support.DefaultListableBeanFactory - Invoking afterPropertiesSet() on bean with name 'transactionManager'
2013-03-22 15:06:18,898 [main] DEBUG org.springframework.beans.factory.support.DefaultListableBeanFactory - Returning cached instance of singleton bean 'org.springframework.transaction.config.internalTransactionAdvisor'
2013-03-22 15:06:18,900 [main] DEBUG org.springframework.beans.factory.support.DefaultListableBeanFactory - Finished creating instance of bean 'transactionManager'
2013-03-22 15:06:18,901 [main] DEBUG org.springframework.beans.factory.support.DefaultListableBeanFactory - Returning cached instance of singleton bean 'org.springframework.context.annotation.internalConfigurationAnnotationProcessor'
2013-03-22 15:06:18,901 [main] DEBUG org.springframework.beans.factory.support.DefaultListableBeanFactory - Returning cached instance of singleton bean 'org.springframework.context.annotation.internalAutowiredAnnotationProcessor'
2013-03-22 15:06:18,901 [main] DEBUG org.springframework.beans.factory.support.DefaultListableBeanFactory - Returning cached instance of singleton bean 'org.springframework.context.annotation.internalRequiredAnnotationProcessor'
2013-03-22 15:06:18,901 [main] DEBUG org.springframework.beans.factory.support.DefaultListableBeanFactory - Returning cached instance of singleton bean 'org.springframework.context.annotation.internalCommonAnnotationProcessor'
2013-03-22 15:06:18,901 [main] DEBUG org.springframework.beans.factory.support.DefaultListableBeanFactory - Returning cached instance of singleton bean 'org.springframework.context.annotation.ConfigurationClassPostProcessor.importAwareProcessor'
2013-03-22 15:06:18,915 [main] DEBUG org.springframework.context.support.GenericApplicationContext - Unable to locate LifecycleProcessor with name 'lifecycleProcessor': using default [org.springframework.context.support.DefaultLifecycleProcessor@7a74db2c]
2013-03-22 15:06:18,916 [main] DEBUG org.springframework.beans.factory.support.DefaultListableBeanFactory - Returning cached instance of singleton bean 'lifecycleProcessor'
2013-03-22 15:06:18,920 [main] DEBUG org.springframework.core.env.PropertySourcesPropertyResolver - Searching for key 'spring.liveBeansView.mbeanDomain' in [systemProperties]
2013-03-22 15:06:18,920 [main] DEBUG org.springframework.core.env.PropertySourcesPropertyResolver - Searching for key 'spring.liveBeansView.mbeanDomain' in [systemEnvironment]
2013-03-22 15:06:18,921 [main] DEBUG org.springframework.core.env.PropertySourcesPropertyResolver - Could not find key 'spring.liveBeansView.mbeanDomain' in any property source. Returning [null]
2013-03-22 15:06:18,923 [main] DEBUG org.springframework.test.context.TestContext - Storing ApplicationContext for test class [class com.imaginea.postgressql.service.EmployeeServiceIntegrationTest] in cache under key [[MergedContextConfiguration@32dcb03b testClass = EmployeeServiceIntegrationTest, locations = '{classpath:applicationContext.xml}', classes = '{}', contextInitializerClasses = '[]', activeProfiles = '{}', contextLoader = 'org.springframework.test.context.support.DelegatingSmartContextLoader']].
2013-03-22 15:06:18,930 [main] DEBUG org.springframework.beans.factory.annotation.InjectionMetadata - Processing injected method of bean 'com.imaginea.postgressql.service.EmployeeServiceIntegrationTest': AutowiredFieldElement for private com.imaginea.postgressql.service.EmployeeService com.imaginea.postgressql.service.EmployeeServiceIntegrationTest.employeeService
2013-03-22 15:06:18,940 [main] DEBUG org.springframework.beans.factory.support.DefaultListableBeanFactory - Returning cached instance of singleton bean 'employeeService'
2013-03-22 15:06:18,940 [main] DEBUG org.springframework.beans.factory.annotation.AutowiredAnnotationBeanPostProcessor - Autowiring by type from bean name 'com.imaginea.postgressql.service.EmployeeServiceIntegrationTest' to bean named 'employeeService'
2013-03-22 15:06:18,945 [main] DEBUG org.springframework.beans.factory.support.DefaultListableBeanFactory - Returning cached instance of singleton bean 'org.springframework.transaction.config.internalTransactionAdvisor'
2013-03-22 15:06:18,946 [main] DEBUG org.springframework.transaction.annotation.AnnotationTransactionAttributeSource - Adding transactional method 'shouldPersistBulkEmployees' with attribute: PROPAGATION_REQUIRED,ISOLATION_DEFAULT; ''
2013-03-22 15:06:18,946 [main] DEBUG org.springframework.aop.framework.autoproxy.InfrastructureAdvisorAutoProxyCreator - Creating implicit proxy for bean 'com.imaginea.postgressql.service.EmployeeServiceIntegrationTest' with 0 common interceptors and 1 specific interceptors
2013-03-22 15:06:18,959 [main] DEBUG org.springframework.aop.framework.CglibAopProxy - Creating CGLIB proxy: target source is SingletonTargetSource for target object [com.imaginea.postgressql.service.EmployeeServiceIntegrationTest@5c1fe88d]
2013-03-22 15:06:19,059 [main] DEBUG org.springframework.beans.factory.support.DefaultListableBeanFactory - Returning cached instance of singleton bean 'org.springframework.transaction.interceptor.TransactionInterceptor#0'
2013-03-22 15:06:19,062 [main] DEBUG org.springframework.aop.framework.CglibAopProxy - Unable to apply any optimisations to advised method: public void com.imaginea.postgressql.service.EmployeeServiceIntegrationTest.shouldPersistBulkEmployees()
2013-03-22 15:06:19,062 [main] DEBUG org.springframework.transaction.annotation.AnnotationTransactionAttributeSource - Adding transactional method 'shouldPersistEmployee' with attribute: PROPAGATION_REQUIRED,ISOLATION_DEFAULT; ''
2013-03-22 15:06:19,062 [main] DEBUG org.springframework.aop.framework.CglibAopProxy - Unable to apply any optimisations to advised method: public void com.imaginea.postgressql.service.EmployeeServiceIntegrationTest.shouldPersistEmployee() throws java.text.ParseException
2013-03-22 15:06:19,062 [main] DEBUG org.springframework.aop.framework.CglibAopProxy - Found finalize() method - using NO_OVERRIDE
2013-03-22 15:06:19,063 [main] DEBUG org.springframework.aop.framework.CglibAopProxy - Found 'equals' method: public boolean java.lang.Object.equals(java.lang.Object)
2013-03-22 15:06:19,063 [main] DEBUG org.springframework.aop.framework.CglibAopProxy - Unable to apply any optimisations to advised method: public java.lang.String java.lang.Object.toString()
2013-03-22 15:06:19,063 [main] DEBUG org.springframework.aop.framework.CglibAopProxy - Found 'hashCode' method: public native int java.lang.Object.hashCode()
2013-03-22 15:06:19,063 [main] DEBUG org.springframework.aop.framework.CglibAopProxy - Unable to apply any optimisations to advised method: protected native java.lang.Object java.lang.Object.clone() throws java.lang.CloneNotSupportedException
2013-03-22 15:06:19,063 [main] DEBUG org.springframework.aop.framework.CglibAopProxy - Method is declared on Advised interface: public abstract int org.springframework.aop.framework.Advised.indexOf(org.springframework.aop.Advisor)
2013-03-22 15:06:19,063 [main] DEBUG org.springframework.aop.framework.CglibAopProxy - Method is declared on Advised interface: public abstract int org.springframework.aop.framework.Advised.indexOf(org.aopalliance.aop.Advice)
2013-03-22 15:06:19,063 [main] DEBUG org.springframework.aop.framework.CglibAopProxy - Method is declared on Advised interface: public abstract boolean org.springframework.aop.framework.Advised.isFrozen()
2013-03-22 15:06:19,064 [main] DEBUG org.springframework.aop.framework.CglibAopProxy - Method is declared on Advised interface: public abstract org.springframework.aop.TargetSource org.springframework.aop.framework.Advised.getTargetSource()
2013-03-22 15:06:19,064 [main] DEBUG org.springframework.aop.framework.CglibAopProxy - Method is declared on Advised interface: public abstract void org.springframework.aop.framework.Advised.addAdvisor(org.springframework.aop.Advisor) throws org.springframework.aop.framework.AopConfigException
2013-03-22 15:06:19,064 [main] DEBUG org.springframework.aop.framework.CglibAopProxy - Method is declared on Advised interface: public abstract void org.springframework.aop.framework.Advised.addAdvisor(int,org.springframework.aop.Advisor) throws org.springframework.aop.framework.AopConfigException
2013-03-22 15:06:19,064 [main] DEBUG org.springframework.aop.framework.CglibAopProxy - Method is declared on Advised interface: public abstract void org.springframework.aop.framework.Advised.setTargetSource(org.springframework.aop.TargetSource)
2013-03-22 15:06:19,064 [main] DEBUG org.springframework.aop.framework.CglibAopProxy - Method is declared on Advised interface: public abstract void org.springframework.aop.framework.Advised.setPreFiltered(boolean)
2013-03-22 15:06:19,064 [main] DEBUG org.springframework.aop.framework.CglibAopProxy - Method is declared on Advised interface: public abstract boolean org.springframework.aop.framework.Advised.isProxyTargetClass()
2013-03-22 15:06:19,064 [main] DEBUG org.springframework.aop.framework.CglibAopProxy - Method is declared on Advised interface: public abstract void org.springframework.aop.framework.Advised.setExposeProxy(boolean)
2013-03-22 15:06:19,065 [main] DEBUG org.springframework.aop.framework.CglibAopProxy - Method is declared on Advised interface: public abstract boolean org.springframework.aop.framework.Advised.isExposeProxy()
2013-03-22 15:06:19,065 [main] DEBUG org.springframework.aop.framework.CglibAopProxy - Method is declared on Advised interface: public abstract void org.springframework.aop.framework.Advised.addAdvice(org.aopalliance.aop.Advice) throws org.springframework.aop.framework.AopConfigException
2013-03-22 15:06:19,065 [main] DEBUG org.springframework.aop.framework.CglibAopProxy - Method is declared on Advised interface: public abstract void org.springframework.aop.framework.Advised.addAdvice(int,org.aopalliance.aop.Advice) throws org.springframework.aop.framework.AopConfigException
2013-03-22 15:06:19,065 [main] DEBUG org.springframework.aop.framework.CglibAopProxy - Method is declared on Advised interface: public abstract boolean org.springframework.aop.framework.Advised.isPreFiltered()
2013-03-22 15:06:19,065 [main] DEBUG org.springframework.aop.framework.CglibAopProxy - Method is declared on Advised interface: public abstract java.lang.Class[] org.springframework.aop.framework.Advised.getProxiedInterfaces()
2013-03-22 15:06:19,065 [main] DEBUG org.springframework.aop.framework.CglibAopProxy - Method is declared on Advised interface: public abstract boolean org.springframework.aop.framework.Advised.isInterfaceProxied(java.lang.Class)
2013-03-22 15:06:19,065 [main] DEBUG org.springframework.aop.framework.CglibAopProxy - Method is declared on Advised interface: public abstract org.springframework.aop.Advisor[] org.springframework.aop.framework.Advised.getAdvisors()
2013-03-22 15:06:19,065 [main] DEBUG org.springframework.aop.framework.CglibAopProxy - Method is declared on Advised interface: public abstract boolean org.springframework.aop.framework.Advised.removeAdvisor(org.springframework.aop.Advisor)
2013-03-22 15:06:19,065 [main] DEBUG org.springframework.aop.framework.CglibAopProxy - Method is declared on Advised interface: public abstract void org.springframework.aop.framework.Advised.removeAdvisor(int) throws org.springframework.aop.framework.AopConfigException
2013-03-22 15:06:19,065 [main] DEBUG org.springframework.aop.framework.CglibAopProxy - Method is declared on Advised interface: public abstract boolean org.springframework.aop.framework.Advised.replaceAdvisor(org.springframework.aop.Advisor,org.springframework.aop.Advisor) throws org.springframework.aop.framework.AopConfigException
2013-03-22 15:06:19,065 [main] DEBUG org.springframework.aop.framework.CglibAopProxy - Method is declared on Advised interface: public abstract boolean org.springframework.aop.framework.Advised.removeAdvice(org.aopalliance.aop.Advice)
2013-03-22 15:06:19,066 [main] DEBUG org.springframework.aop.framework.CglibAopProxy - Method is declared on Advised interface: public abstract java.lang.String org.springframework.aop.framework.Advised.toProxyConfigString()
2013-03-22 15:06:19,066 [main] DEBUG org.springframework.aop.framework.CglibAopProxy - Method is declared on Advised interface: public abstract java.lang.Class org.springframework.aop.TargetClassAware.getTargetClass()
2013-03-22 15:06:19,109 [main] DEBUG org.springframework.transaction.annotation.AnnotationTransactionAttributeSource - Adding transactional method 'shouldPersistBulkEmployees' with attribute: PROPAGATION_REQUIRED,ISOLATION_DEFAULT; ''
2013-03-22 15:06:19,110 [main] DEBUG org.springframework.test.context.transaction.TransactionalTestExecutionListener - Explicit transaction definition [PROPAGATION_REQUIRED,ISOLATION_DEFAULT; ''] found for test context [TestContext@69267649 testClass = EmployeeServiceIntegrationTest, testInstance = com.imaginea.postgressql.service.EmployeeServiceIntegrationTest@5c1fe88d, testMethod = shouldPersistBulkEmployees@EmployeeServiceIntegrationTest, testException = [null], mergedContextConfiguration = [MergedContextConfiguration@32dcb03b testClass = EmployeeServiceIntegrationTest, locations = '{classpath:applicationContext.xml}', classes = '{}', contextInitializerClasses = '[]', activeProfiles = '{}', contextLoader = 'org.springframework.test.context.support.DelegatingSmartContextLoader']]
2013-03-22 15:06:19,111 [main] DEBUG org.springframework.test.context.TestContext - Retrieved ApplicationContext for test class [class com.imaginea.postgressql.service.EmployeeServiceIntegrationTest] from cache with key [[MergedContextConfiguration@32dcb03b testClass = EmployeeServiceIntegrationTest, locations = '{classpath:applicationContext.xml}', classes = '{}', contextInitializerClasses = '[]', activeProfiles = '{}', contextLoader = 'org.springframework.test.context.support.DelegatingSmartContextLoader']].
2013-03-22 15:06:19,111 [main] DEBUG org.springframework.test.context.transaction.TransactionalTestExecutionListener - Retrieved @TransactionConfiguration [@org.springframework.test.context.transaction.TransactionConfiguration(transactionManager=transactionManager, defaultRollback=true)] for test class [class com.imaginea.postgressql.service.EmployeeServiceIntegrationTest]
2013-03-22 15:06:19,111 [main] DEBUG org.springframework.test.context.transaction.TransactionalTestExecutionListener - Retrieved TransactionConfigurationAttributes [TransactionConfigurationAttributes@4c29d65b transactionManagerName = 'transactionManager', defaultRollback = true] for class [class com.imaginea.postgressql.service.EmployeeServiceIntegrationTest]
2013-03-22 15:06:19,112 [main] DEBUG org.springframework.beans.factory.support.DefaultListableBeanFactory - Returning cached instance of singleton bean 'transactionManager'
2013-03-22 15:06:19,117 [main] DEBUG org.springframework.jdbc.datasource.DataSourceTransactionManager - Creating new transaction with name [shouldPersistBulkEmployees]: PROPAGATION_REQUIRED,ISOLATION_DEFAULT; ''
2013-03-22 15:06:19,179 [main] INFO  com.mchange.v2.c3p0.impl.AbstractPoolBackedDataSource - Initializing c3p0 pool... com.mchange.v2.c3p0.ComboPooledDataSource [ acquireIncrement -> 3, acquireRetryAttempts -> 30, acquireRetryDelay -> 1000, autoCommitOnClose -> false, automaticTestTable -> null, breakAfterAcquireFailure -> false, checkoutTimeout -> 0, connectionCustomizerClassName -> null, connectionTesterClassName -> com.mchange.v2.c3p0.impl.DefaultConnectionTester, dataSourceName -> z8kfsx8t14cx2t21dkoups|4ceafb71, debugUnreturnedConnectionStackTraces -> false, description -> null, driverClass -> org.postgresql.Driver, factoryClassLocation -> null, forceIgnoreUnresolvedTransactions -> false, identityToken -> z8kfsx8t14cx2t21dkoups|4ceafb71, idleConnectionTestPeriod -> 300, initialPoolSize -> 1, jdbcUrl -> jdbc:postgresql://localhost:5432/test, maxAdministrativeTaskTime -> 0, maxConnectionAge -> 0, maxIdleTime -> 0, maxIdleTimeExcessConnections -> 0, maxPoolSize -> 50, maxStatements -> 0, maxStatementsPerConnection -> 0, minPoolSize -> 1, numHelperThreads -> 3, numThreadsAwaitingCheckoutDefaultUser -> 0, preferredTestQuery -> null, properties -> {user=******, password=******}, propertyCycle -> 0, testConnectionOnCheckin -> false, testConnectionOnCheckout -> false, unreturnedConnectionTimeout -> 0, usesTraditionalReflectiveProxies -> false ]
2013-03-22 15:06:19,276 [main] DEBUG org.springframework.jdbc.datasource.DataSourceTransactionManager - Acquired Connection [com.mchange.v2.c3p0.impl.NewProxyConnection@419c4091] for JDBC transaction
2013-03-22 15:06:19,285 [main] DEBUG org.springframework.jdbc.datasource.DataSourceTransactionManager - Switching JDBC Connection [com.mchange.v2.c3p0.impl.NewProxyConnection@419c4091] to manual commit
2013-03-22 15:06:19,298 [main] DEBUG org.springframework.test.context.transaction.TransactionalTestExecutionListener - No method-level @Rollback override: using default rollback [true] for test context [TestContext@69267649 testClass = EmployeeServiceIntegrationTest, testInstance = com.imaginea.postgressql.service.EmployeeServiceIntegrationTest@5c1fe88d, testMethod = shouldPersistBulkEmployees@EmployeeServiceIntegrationTest, testException = [null], mergedContextConfiguration = [MergedContextConfiguration@32dcb03b testClass = EmployeeServiceIntegrationTest, locations = '{classpath:applicationContext.xml}', classes = '{}', contextInitializerClasses = '[]', activeProfiles = '{}', contextLoader = 'org.springframework.test.context.support.DelegatingSmartContextLoader']]
2013-03-22 15:06:19,298 [main] INFO  org.springframework.test.context.transaction.TransactionalTestExecutionListener - Began transaction (1): transaction manager [org.springframework.jdbc.datasource.DataSourceTransactionManager@3253abbb]; rollback [true]
2013-03-22 15:06:19,300 [main] DEBUG org.springframework.transaction.annotation.AnnotationTransactionAttributeSource - Adding transactional method 'bulkInsert' with attribute: PROPAGATION_REQUIRED,ISOLATION_DEFAULT; ''
2013-03-22 15:06:19,303 [main] DEBUG org.springframework.beans.factory.support.DefaultListableBeanFactory - Returning cached instance of singleton bean 'transactionManager'
2013-03-22 15:06:19,311 [main] DEBUG org.springframework.jdbc.datasource.DataSourceTransactionManager - Participating in existing transaction
2013-03-22 15:06:19,325 [main] DEBUG org.springframework.jdbc.core.JdbcTemplate - Executing SQL batch update [INSERT INTO employee(firstname, lastname, birth_date, dept_id) VALUES (?,?,?,?)]
2013-03-22 15:06:19,328 [main] DEBUG org.springframework.jdbc.core.JdbcTemplate - Executing prepared SQL statement [INSERT INTO employee(firstname, lastname, birth_date, dept_id) VALUES (?,?,?,?)]
2013-03-22 15:06:19,348 [main] DEBUG org.springframework.jdbc.support.JdbcUtils - JDBC driver supports batch updates
2013-03-22 15:06:19,359 [main] DEBUG org.springframework.transaction.annotation.AnnotationTransactionAttributeSource - Adding transactional method 'list' with attribute: PROPAGATION_REQUIRED,ISOLATION_DEFAULT,readOnly; ''
2013-03-22 15:06:19,360 [main] DEBUG org.springframework.beans.factory.support.DefaultListableBeanFactory - Returning cached instance of singleton bean 'transactionManager'
2013-03-22 15:06:19,360 [main] DEBUG org.springframework.jdbc.datasource.DataSourceTransactionManager - Participating in existing transaction
2013-03-22 15:06:19,361 [main] DEBUG org.springframework.jdbc.core.JdbcTemplate - Executing SQL query [SELECT emp_id,firstname, lastname, birth_date, dept_id FROM employee]
2013-03-22 15:06:19,378 [main] DEBUG org.springframework.test.context.transaction.TransactionalTestExecutionListener - No method-level @Rollback override: using default rollback [true] for test context [TestContext@69267649 testClass = EmployeeServiceIntegrationTest, testInstance = com.imaginea.postgressql.service.EmployeeServiceIntegrationTest@5c1fe88d, testMethod = shouldPersistBulkEmployees@EmployeeServiceIntegrationTest, testException = [null], mergedContextConfiguration = [MergedContextConfiguration@32dcb03b testClass = EmployeeServiceIntegrationTest, locations = '{classpath:applicationContext.xml}', classes = '{}', contextInitializerClasses = '[]', activeProfiles = '{}', contextLoader = 'org.springframework.test.context.support.DelegatingSmartContextLoader']]
2013-03-22 15:06:19,378 [main] DEBUG org.springframework.jdbc.datasource.DataSourceTransactionManager - Initiating transaction rollback
2013-03-22 15:06:19,378 [main] DEBUG org.springframework.jdbc.datasource.DataSourceTransactionManager - Rolling back JDBC transaction on Connection [com.mchange.v2.c3p0.impl.NewProxyConnection@419c4091]
2013-03-22 15:06:19,379 [main] DEBUG org.springframework.jdbc.datasource.DataSourceTransactionManager - Releasing JDBC Connection [com.mchange.v2.c3p0.impl.NewProxyConnection@419c4091] after transaction
2013-03-22 15:06:19,379 [main] DEBUG org.springframework.jdbc.datasource.DataSourceUtils - Returning JDBC Connection to DataSource
2013-03-22 15:06:19,381 [main] INFO  org.springframework.test.context.transaction.TransactionalTestExecutionListener - Rolled back transaction after test execution for test context [TestContext@69267649 testClass = EmployeeServiceIntegrationTest, testInstance = com.imaginea.postgressql.service.EmployeeServiceIntegrationTest@5c1fe88d, testMethod = shouldPersistBulkEmployees@EmployeeServiceIntegrationTest, testException = [null], mergedContextConfiguration = [MergedContextConfiguration@32dcb03b testClass = EmployeeServiceIntegrationTest, locations = '{classpath:applicationContext.xml}', classes = '{}', contextInitializerClasses = '[]', activeProfiles = '{}', contextLoader = 'org.springframework.test.context.support.DelegatingSmartContextLoader']]
2013-03-22 15:06:19,382 [main] DEBUG org.springframework.test.context.support.DirtiesContextTestExecutionListener - After test method: context [[TestContext@69267649 testClass = EmployeeServiceIntegrationTest, testInstance = com.imaginea.postgressql.service.EmployeeServiceIntegrationTest@5c1fe88d, testMethod = shouldPersistBulkEmployees@EmployeeServiceIntegrationTest, testException = [null], mergedContextConfiguration = [MergedContextConfiguration@32dcb03b testClass = EmployeeServiceIntegrationTest, locations = '{classpath:applicationContext.xml}', classes = '{}', contextInitializerClasses = '[]', activeProfiles = '{}', contextLoader = 'org.springframework.test.context.support.DelegatingSmartContextLoader']]], class dirties context [false], class mode [null], method dirties context [false].
2013-03-22 15:06:19,382 [main] DEBUG org.springframework.test.annotation.ProfileValueUtils - Retrieved @ProfileValueSourceConfiguration [null] for test class [com.imaginea.postgressql.service.EmployeeServiceIntegrationTest]
2013-03-22 15:06:19,382 [main] DEBUG org.springframework.test.annotation.ProfileValueUtils - Retrieved ProfileValueSource type [class org.springframework.test.annotation.SystemProfileValueSource] for class [com.imaginea.postgressql.service.EmployeeServiceIntegrationTest]
2013-03-22 15:06:19,383 [main] DEBUG org.springframework.test.context.support.DependencyInjectionTestExecutionListener - Performing dependency injection for test context [[TestContext@69267649 testClass = EmployeeServiceIntegrationTest, testInstance = com.imaginea.postgressql.service.EmployeeServiceIntegrationTest@1594df96, testMethod = [null], testException = [null], mergedContextConfiguration = [MergedContextConfiguration@32dcb03b testClass = EmployeeServiceIntegrationTest, locations = '{classpath:applicationContext.xml}', classes = '{}', contextInitializerClasses = '[]', activeProfiles = '{}', contextLoader = 'org.springframework.test.context.support.DelegatingSmartContextLoader']]].
2013-03-22 15:06:19,383 [main] DEBUG org.springframework.test.context.TestContext - Retrieved ApplicationContext for test class [class com.imaginea.postgressql.service.EmployeeServiceIntegrationTest] from cache with key [[MergedContextConfiguration@32dcb03b testClass = EmployeeServiceIntegrationTest, locations = '{classpath:applicationContext.xml}', classes = '{}', contextInitializerClasses = '[]', activeProfiles = '{}', contextLoader = 'org.springframework.test.context.support.DelegatingSmartContextLoader']].
2013-03-22 15:06:19,383 [main] DEBUG org.springframework.beans.factory.annotation.InjectionMetadata - Processing injected method of bean 'com.imaginea.postgressql.service.EmployeeServiceIntegrationTest': AutowiredFieldElement for private com.imaginea.postgressql.service.EmployeeService com.imaginea.postgressql.service.EmployeeServiceIntegrationTest.employeeService
2013-03-22 15:06:19,383 [main] DEBUG org.springframework.beans.factory.support.DefaultListableBeanFactory - Returning cached instance of singleton bean 'employeeService'
2013-03-22 15:06:19,383 [main] DEBUG org.springframework.beans.factory.support.DefaultListableBeanFactory - Returning cached instance of singleton bean 'org.springframework.transaction.config.internalTransactionAdvisor'
2013-03-22 15:06:19,384 [main] DEBUG org.springframework.aop.framework.autoproxy.InfrastructureAdvisorAutoProxyCreator - Creating implicit proxy for bean 'com.imaginea.postgressql.service.EmployeeServiceIntegrationTest' with 0 common interceptors and 1 specific interceptors
2013-03-22 15:06:19,384 [main] DEBUG org.springframework.aop.framework.CglibAopProxy - Creating CGLIB proxy: target source is SingletonTargetSource for target object [com.imaginea.postgressql.service.EmployeeServiceIntegrationTest@1594df96]
2013-03-22 15:06:19,384 [main] DEBUG org.springframework.transaction.annotation.AnnotationTransactionAttributeSource - Adding transactional method 'shouldPersistEmployee' with attribute: PROPAGATION_REQUIRED,ISOLATION_DEFAULT; ''
2013-03-22 15:06:19,385 [main] DEBUG org.springframework.test.context.transaction.TransactionalTestExecutionListener - Explicit transaction definition [PROPAGATION_REQUIRED,ISOLATION_DEFAULT; ''] found for test context [TestContext@69267649 testClass = EmployeeServiceIntegrationTest, testInstance = com.imaginea.postgressql.service.EmployeeServiceIntegrationTest@1594df96, testMethod = shouldPersistEmployee@EmployeeServiceIntegrationTest, testException = [null], mergedContextConfiguration = [MergedContextConfiguration@32dcb03b testClass = EmployeeServiceIntegrationTest, locations = '{classpath:applicationContext.xml}', classes = '{}', contextInitializerClasses = '[]', activeProfiles = '{}', contextLoader = 'org.springframework.test.context.support.DelegatingSmartContextLoader']]
2013-03-22 15:06:19,385 [main] DEBUG org.springframework.test.context.TestContext - Retrieved ApplicationContext for test class [class com.imaginea.postgressql.service.EmployeeServiceIntegrationTest] from cache with key [[MergedContextConfiguration@32dcb03b testClass = EmployeeServiceIntegrationTest, locations = '{classpath:applicationContext.xml}', classes = '{}', contextInitializerClasses = '[]', activeProfiles = '{}', contextLoader = 'org.springframework.test.context.support.DelegatingSmartContextLoader']].
2013-03-22 15:06:19,385 [main] DEBUG org.springframework.beans.factory.support.DefaultListableBeanFactory - Returning cached instance of singleton bean 'transactionManager'
2013-03-22 15:06:19,385 [main] DEBUG org.springframework.jdbc.datasource.DataSourceTransactionManager - Creating new transaction with name [shouldPersistEmployee]: PROPAGATION_REQUIRED,ISOLATION_DEFAULT; ''
2013-03-22 15:06:19,385 [main] DEBUG org.springframework.jdbc.datasource.DataSourceTransactionManager - Acquired Connection [com.mchange.v2.c3p0.impl.NewProxyConnection@560932fe] for JDBC transaction
2013-03-22 15:06:19,385 [main] DEBUG org.springframework.jdbc.datasource.DataSourceTransactionManager - Switching JDBC Connection [com.mchange.v2.c3p0.impl.NewProxyConnection@560932fe] to manual commit
2013-03-22 15:06:19,385 [main] DEBUG org.springframework.test.context.transaction.TransactionalTestExecutionListener - No method-level @Rollback override: using default rollback [true] for test context [TestContext@69267649 testClass = EmployeeServiceIntegrationTest, testInstance = com.imaginea.postgressql.service.EmployeeServiceIntegrationTest@1594df96, testMethod = shouldPersistEmployee@EmployeeServiceIntegrationTest, testException = [null], mergedContextConfiguration = [MergedContextConfiguration@32dcb03b testClass = EmployeeServiceIntegrationTest, locations = '{classpath:applicationContext.xml}', classes = '{}', contextInitializerClasses = '[]', activeProfiles = '{}', contextLoader = 'org.springframework.test.context.support.DelegatingSmartContextLoader']]
2013-03-22 15:06:19,386 [main] INFO  org.springframework.test.context.transaction.TransactionalTestExecutionListener - Began transaction (2): transaction manager [org.springframework.jdbc.datasource.DataSourceTransactionManager@3253abbb]; rollback [true]
2013-03-22 15:06:19,386 [main] DEBUG org.springframework.transaction.annotation.AnnotationTransactionAttributeSource - Adding transactional method 'saveAndReturnKey' with attribute: PROPAGATION_REQUIRED,ISOLATION_DEFAULT; ''
2013-03-22 15:06:19,386 [main] DEBUG org.springframework.beans.factory.support.DefaultListableBeanFactory - Returning cached instance of singleton bean 'transactionManager'
2013-03-22 15:06:19,386 [main] DEBUG org.springframework.jdbc.datasource.DataSourceTransactionManager - Participating in existing transaction
2013-03-22 15:06:19,386 [main] DEBUG org.springframework.jdbc.core.JdbcTemplate - Executing SQL update and returning generated keys
2013-03-22 15:06:19,387 [main] DEBUG org.springframework.jdbc.core.JdbcTemplate - Executing prepared SQL statement
2013-03-22 15:06:19,392 [main] DEBUG org.springframework.jdbc.core.JdbcTemplate - SQL update affected 1 rows and returned 1 keys
2013-03-22 15:06:19,392 [main] DEBUG org.springframework.beans.factory.support.DefaultListableBeanFactory - Returning cached instance of singleton bean 'transactionManager'
2013-03-22 15:06:19,393 [main] DEBUG org.springframework.jdbc.datasource.DataSourceTransactionManager - Participating in existing transaction
2013-03-22 15:06:19,393 [main] DEBUG com.imaginea.postgressql.dao.EmployeeDAOImpl - query===================================================SELECT emp_id,firstname, lastname, birth_date, dept_id FROM employee WHERE emp_id=?
2013-03-22 15:06:19,393 [main] DEBUG org.springframework.jdbc.core.JdbcTemplate - Executing prepared SQL query
2013-03-22 15:06:19,394 [main] DEBUG org.springframework.jdbc.core.JdbcTemplate - Executing prepared SQL statement [SELECT emp_id,firstname, lastname, birth_date, dept_id FROM employee WHERE emp_id=?]
2013-03-22 15:06:19,396 [main] DEBUG org.springframework.test.context.transaction.TransactionalTestExecutionListener - No method-level @Rollback override: using default rollback [true] for test context [TestContext@69267649 testClass = EmployeeServiceIntegrationTest, testInstance = com.imaginea.postgressql.service.EmployeeServiceIntegrationTest@1594df96, testMethod = shouldPersistEmployee@EmployeeServiceIntegrationTest, testException = [null], mergedContextConfiguration = [MergedContextConfiguration@32dcb03b testClass = EmployeeServiceIntegrationTest, locations = '{classpath:applicationContext.xml}', classes = '{}', contextInitializerClasses = '[]', activeProfiles = '{}', contextLoader = 'org.springframework.test.context.support.DelegatingSmartContextLoader']]
2013-03-22 15:06:19,397 [main] DEBUG org.springframework.jdbc.datasource.DataSourceTransactionManager - Initiating transaction rollback
2013-03-22 15:06:19,397 [main] DEBUG org.springframework.jdbc.datasource.DataSourceTransactionManager - Rolling back JDBC transaction on Connection [com.mchange.v2.c3p0.impl.NewProxyConnection@560932fe]
2013-03-22 15:06:19,397 [main] DEBUG org.springframework.jdbc.datasource.DataSourceTransactionManager - Releasing JDBC Connection [com.mchange.v2.c3p0.impl.NewProxyConnection@560932fe] after transaction
2013-03-22 15:06:19,397 [main] DEBUG org.springframework.jdbc.datasource.DataSourceUtils - Returning JDBC Connection to DataSource
2013-03-22 15:06:19,398 [main] INFO  org.springframework.test.context.transaction.TransactionalTestExecutionListener - Rolled back transaction after test execution for test context [TestContext@69267649 testClass = EmployeeServiceIntegrationTest, testInstance = com.imaginea.postgressql.service.EmployeeServiceIntegrationTest@1594df96, testMethod = shouldPersistEmployee@EmployeeServiceIntegrationTest, testException = [null], mergedContextConfiguration = [MergedContextConfiguration@32dcb03b testClass = EmployeeServiceIntegrationTest, locations = '{classpath:applicationContext.xml}', classes = '{}', contextInitializerClasses = '[]', activeProfiles = '{}', contextLoader = 'org.springframework.test.context.support.DelegatingSmartContextLoader']]
2013-03-22 15:06:19,398 [main] DEBUG org.springframework.test.context.support.DirtiesContextTestExecutionListener - After test method: context [[TestContext@69267649 testClass = EmployeeServiceIntegrationTest, testInstance = com.imaginea.postgressql.service.EmployeeServiceIntegrationTest@1594df96, testMethod = shouldPersistEmployee@EmployeeServiceIntegrationTest, testException = [null], mergedContextConfiguration = [MergedContextConfiguration@32dcb03b testClass = EmployeeServiceIntegrationTest, locations = '{classpath:applicationContext.xml}', classes = '{}', contextInitializerClasses = '[]', activeProfiles = '{}', contextLoader = 'org.springframework.test.context.support.DelegatingSmartContextLoader']]], class dirties context [false], class mode [null], method dirties context [false].
2013-03-22 15:06:19,398 [main] DEBUG org.springframework.test.context.support.DirtiesContextTestExecutionListener - After test class: context [[TestContext@69267649 testClass = EmployeeServiceIntegrationTest, testInstance = [null], testMethod = [null], testException = [null], mergedContextConfiguration = [MergedContextConfiguration@32dcb03b testClass = EmployeeServiceIntegrationTest, locations = '{classpath:applicationContext.xml}', classes = '{}', contextInitializerClasses = '[]', activeProfiles = '{}', contextLoader = 'org.springframework.test.context.support.DelegatingSmartContextLoader']]], dirtiesContext [false].
2013-03-22 15:06:19,485 [Thread-1] INFO  org.springframework.context.support.GenericApplicationContext - Closing org.springframework.context.support.GenericApplicationContext@207f5580: startup date [Fri Mar 22 15:06:18 IST 2013]; root of context hierarchy
2013-03-22 15:06:19,486 [Thread-1] DEBUG org.springframework.beans.factory.support.DefaultListableBeanFactory - Returning cached instance of singleton bean 'lifecycleProcessor'
2013-03-22 15:06:19,486 [Thread-1] INFO  org.springframework.beans.factory.support.DefaultListableBeanFactory - Destroying singletons in org.springframework.beans.factory.support.DefaultListableBeanFactory@6f7918f0: defining beans [dataSource,jdbcTemplate,abstractJdbcDaoSupport,employeeService,employeeDAO,org.springframework.beans.factory.config.PropertyPlaceholderConfigurer#0,org.springframework.aop.config.internalAutoProxyCreator,org.springframework.transaction.annotation.AnnotationTransactionAttributeSource#0,org.springframework.transaction.interceptor.TransactionInterceptor#0,org.springframework.transaction.config.internalTransactionAdvisor,transactionManager,org.springframework.context.annotation.internalConfigurationAnnotationProcessor,org.springframework.context.annotation.internalAutowiredAnnotationProcessor,org.springframework.context.annotation.internalRequiredAnnotationProcessor,org.springframework.context.annotation.internalCommonAnnotationProcessor,org.springframework.context.annotation.ConfigurationClassPostProcessor.importAwareProcessor]; root of factory hierarchy
2013-03-22 15:06:19,487 [Thread-1] DEBUG org.springframework.beans.factory.support.DefaultListableBeanFactory - Retrieved dependent beans for bean 'employeeService': [com.imaginea.postgressql.service.EmployeeServiceIntegrationTest]
2013-03-22 15:06:19,488 [Thread-1] DEBUG org.springframework.beans.factory.support.DisposableBeanAdapter - Invoking destroy method 'close' on bean with name 'dataSource'
2013-03-22 15:15:14,786 [main] DEBUG com.imaginea.postgressql.dao.EmployeeDAOImpl - Employee insert query=INSERT INTO employee(firstname, lastname, birth_date, dept_id) VALUES (?,?,?,?)
2013-03-22 15:15:14,789 [main] DEBUG com.imaginea.postgressql.dao.EmployeeDAOImpl - Employee list =SELECT emp_id,firstname, lastname, birth_date, dept_id FROM employee WHERE emp_id=?
2013-03-22 15:15:14,792 [main] DEBUG com.imaginea.postgressql.dao.EmployeeDAOImpl - Employee list =SELECT emp_id,firstname, lastname, birth_date, dept_id FROM employee
2013-03-22 15:15:14,795 [main] DEBUG com.imaginea.postgressql.dao.EmployeeDAOImpl - Employee batch update query=INSERT INTO employee(firstname, lastname, birth_date, dept_id) VALUES (?,?,?,?)
2013-03-22 15:15:14,958 [main] INFO  org.springframework.beans.factory.xml.XmlBeanDefinitionReader - Loading XML bean definitions from class path resource [applicationContext.xml]
2013-03-22 15:15:15,322 [main] INFO  org.springframework.context.support.GenericApplicationContext - Refreshing org.springframework.context.support.GenericApplicationContext@57a7ddcf: startup date [Fri Mar 22 15:15:15 IST 2013]; root of context hierarchy
2013-03-22 15:15:15,457 [main] INFO  org.springframework.beans.factory.config.PropertyPlaceholderConfigurer - Loading properties file from class path resource [jdbc.properties]
2013-03-22 15:15:15,504 [main] INFO  org.springframework.beans.factory.support.DefaultListableBeanFactory - Pre-instantiating singletons in org.springframework.beans.factory.support.DefaultListableBeanFactory@344977e2: defining beans [dataSource,jdbcTemplate,abstractJdbcDaoSupport,employeeService,employeeDAO,org.springframework.beans.factory.config.PropertyPlaceholderConfigurer#0,org.springframework.aop.config.internalAutoProxyCreator,org.springframework.transaction.annotation.AnnotationTransactionAttributeSource#0,org.springframework.transaction.interceptor.TransactionInterceptor#0,org.springframework.transaction.config.internalTransactionAdvisor,transactionManager,org.springframework.context.annotation.internalConfigurationAnnotationProcessor,org.springframework.context.annotation.internalAutowiredAnnotationProcessor,org.springframework.context.annotation.internalRequiredAnnotationProcessor,org.springframework.context.annotation.internalCommonAnnotationProcessor,org.springframework.context.annotation.ConfigurationClassPostProcessor.importAwareProcessor]; root of factory hierarchy
2013-03-22 15:15:15,522 [main] INFO  com.mchange.v2.log.MLog - MLog clients using log4j logging.
2013-03-22 15:15:15,621 [main] INFO  com.mchange.v2.c3p0.C3P0Registry - Initializing c3p0-0.9.1.2 [built 21-May-2007 15:04:56; debug? true; trace: 10]
2013-03-22 15:15:16,116 [main] INFO  com.mchange.v2.c3p0.impl.AbstractPoolBackedDataSource - Initializing c3p0 pool... com.mchange.v2.c3p0.ComboPooledDataSource [ acquireIncrement -> 3, acquireRetryAttempts -> 30, acquireRetryDelay -> 1000, autoCommitOnClose -> false, automaticTestTable -> null, breakAfterAcquireFailure -> false, checkoutTimeout -> 0, connectionCustomizerClassName -> null, connectionTesterClassName -> com.mchange.v2.c3p0.impl.DefaultConnectionTester, dataSourceName -> z8kfsx8t14d8l5y1plf1oz|275e538e, debugUnreturnedConnectionStackTraces -> false, description -> null, driverClass -> org.postgresql.Driver, factoryClassLocation -> null, forceIgnoreUnresolvedTransactions -> false, identityToken -> z8kfsx8t14d8l5y1plf1oz|275e538e, idleConnectionTestPeriod -> 300, initialPoolSize -> 1, jdbcUrl -> jdbc:postgresql://localhost:5432/test, maxAdministrativeTaskTime -> 0, maxConnectionAge -> 0, maxIdleTime -> 0, maxIdleTimeExcessConnections -> 0, maxPoolSize -> 50, maxStatements -> 0, maxStatementsPerConnection -> 0, minPoolSize -> 1, numHelperThreads -> 3, numThreadsAwaitingCheckoutDefaultUser -> 0, preferredTestQuery -> null, properties -> {user=******, password=******}, propertyCycle -> 0, testConnectionOnCheckin -> false, testConnectionOnCheckout -> false, unreturnedConnectionTimeout -> 0, usesTraditionalReflectiveProxies -> false ]
2013-03-22 15:15:16,208 [main] INFO  org.springframework.test.context.transaction.TransactionalTestExecutionListener - Began transaction (1): transaction manager [org.springframework.jdbc.datasource.DataSourceTransactionManager@63ce15f6]; rollback [true]
2013-03-22 15:15:16,219 [main] DEBUG com.imaginea.postgressql.dao.EmployeeDAOImpl - Employee batch update query=INSERT INTO employee(firstname, lastname, birth_date, dept_id) VALUES (?,?,?,?)
2013-03-22 15:15:16,269 [main] DEBUG com.imaginea.postgressql.dao.EmployeeDAOImpl - Employee list =SELECT emp_id,firstname, lastname, birth_date, dept_id FROM employee
2013-03-22 15:15:16,287 [main] INFO  org.springframework.test.context.transaction.TransactionalTestExecutionListener - Rolled back transaction after test execution for test context [TestContext@6a69ed4a testClass = EmployeeServiceIntegrationTest, testInstance = com.imaginea.postgressql.service.EmployeeServiceIntegrationTest@5059cbda, testMethod = shouldPersistBulkEmployees@EmployeeServiceIntegrationTest, testException = [null], mergedContextConfiguration = [MergedContextConfiguration@37567e6c testClass = EmployeeServiceIntegrationTest, locations = '{classpath:applicationContext.xml}', classes = '{}', contextInitializerClasses = '[]', activeProfiles = '{}', contextLoader = 'org.springframework.test.context.support.DelegatingSmartContextLoader']]
2013-03-22 15:15:16,289 [main] INFO  org.springframework.test.context.transaction.TransactionalTestExecutionListener - Began transaction (2): transaction manager [org.springframework.jdbc.datasource.DataSourceTransactionManager@63ce15f6]; rollback [true]
2013-03-22 15:15:16,291 [main] DEBUG com.imaginea.postgressql.dao.EmployeeDAOImpl - Employee insert query=INSERT INTO employee(firstname, lastname, birth_date, dept_id) VALUES (?,?,?,?)
2013-03-22 15:15:16,297 [main] DEBUG com.imaginea.postgressql.dao.EmployeeDAOImpl - Employee list =SELECT emp_id,firstname, lastname, birth_date, dept_id FROM employee WHERE emp_id=?
2013-03-22 15:15:16,302 [main] INFO  org.springframework.test.context.transaction.TransactionalTestExecutionListener - Rolled back transaction after test execution for test context [TestContext@6a69ed4a testClass = EmployeeServiceIntegrationTest, testInstance = com.imaginea.postgressql.service.EmployeeServiceIntegrationTest@14b9b618, testMethod = shouldPersistEmployee@EmployeeServiceIntegrationTest, testException = [null], mergedContextConfiguration = [MergedContextConfiguration@37567e6c testClass = EmployeeServiceIntegrationTest, locations = '{classpath:applicationContext.xml}', classes = '{}', contextInitializerClasses = '[]', activeProfiles = '{}', contextLoader = 'org.springframework.test.context.support.DelegatingSmartContextLoader']]
2013-03-22 15:15:16,386 [Thread-1] INFO  org.springframework.context.support.GenericApplicationContext - Closing org.springframework.context.support.GenericApplicationContext@57a7ddcf: startup date [Fri Mar 22 15:15:15 IST 2013]; root of context hierarchy
2013-03-22 15:15:16,387 [Thread-1] INFO  org.springframework.beans.factory.support.DefaultListableBeanFactory - Destroying singletons in org.springframework.beans.factory.support.DefaultListableBeanFactory@344977e2: defining beans [dataSource,jdbcTemplate,abstractJdbcDaoSupport,employeeService,employeeDAO,org.springframework.beans.factory.config.PropertyPlaceholderConfigurer#0,org.springframework.aop.config.internalAutoProxyCreator,org.springframework.transaction.annotation.AnnotationTransactionAttributeSource#0,org.springframework.transaction.interceptor.TransactionInterceptor#0,org.springframework.transaction.config.internalTransactionAdvisor,transactionManager,org.springframework.context.annotation.internalConfigurationAnnotationProcessor,org.springframework.context.annotation.internalAutowiredAnnotationProcessor,org.springframework.context.annotation.internalRequiredAnnotationProcessor,org.springframework.context.annotation.internalCommonAnnotationProcessor,org.springframework.context.annotation.ConfigurationClassPostProcessor.importAwareProcessor]; root of factory hierarchy
